04/13/2018 04:38:50AM Get case result list......
04/13/2018 04:38:50AM Connect with db......
04/13/2018 04:38:50AM Begin to search from DB......
04/13/2018 04:38:50AM Get case result list Done......
04/13/2018 04:38:50AM Begin to generate excel report......
04/13/2018 04:38:50AM Write to excel done......
04/13/2018 06:08:46AM Get case result list......
04/13/2018 06:08:46AM Connect with db......
04/13/2018 06:08:46AM Begin to search from DB......
04/13/2018 06:08:46AM Get case result list Done......
04/13/2018 06:08:46AM Begin to generate excel report......
04/13/2018 06:08:46AM Write to excel done......
04/13/2018 06:32:56AM Get case result list......
04/13/2018 06:32:56AM Connect with db......
04/13/2018 06:32:56AM Begin to search from DB......
04/13/2018 06:32:56AM Get case result list Done......
04/13/2018 06:32:56AM Begin to generate excel report......
04/13/2018 06:32:56AM Write to excel done......
04/13/2018 06:50:23AM Get case result list......
04/13/2018 06:50:23AM Connect with db......
04/13/2018 06:50:23AM Begin to search from DB......
04/13/2018 06:50:23AM Get case result list Done......
04/13/2018 06:50:23AM Begin to generate excel report......
04/13/2018 06:50:23AM Write to excel done......
04/13/2018 08:02:42AM Get case result list......
04/13/2018 08:02:42AM Connect with db......
04/13/2018 08:02:42AM Begin to search from DB......
04/13/2018 08:02:42AM Get case result list Done......
04/13/2018 08:02:42AM Begin to generate excel report......
04/13/2018 08:02:42AM Write to excel done......
04/13/2018 08:42:47AM Get case result list......
04/13/2018 08:42:47AM Connect with db......
04/13/2018 08:42:47AM Begin to search from DB......
04/13/2018 08:42:47AM Get case result list Done......
04/13/2018 08:42:47AM Begin to generate excel report......
04/13/2018 08:42:47AM Write to excel done......
04/13/2018 08:54:57AM Get case result list......
04/13/2018 08:54:57AM Connect with db......
04/13/2018 08:54:57AM Begin to search from DB......
04/13/2018 08:54:57AM Get case result list Done......
04/13/2018 08:54:57AM Begin to generate excel report......
04/13/2018 08:54:57AM Write to excel done......
04/13/2018 09:05:28AM Get case result list......
04/13/2018 09:05:28AM Connect with db......
04/13/2018 09:05:28AM Begin to search from DB......
04/13/2018 09:05:28AM Get case result list Done......
04/13/2018 09:05:28AM Begin to generate excel report......
04/13/2018 09:05:29AM Write to excel done......
04/13/2018 09:16:42AM Get case result list......
04/13/2018 09:16:42AM Connect with db......
04/13/2018 09:16:42AM Begin to search from DB......
04/13/2018 09:16:42AM Get case result list Done......
04/13/2018 09:16:42AM Begin to generate excel report......
04/13/2018 09:16:42AM Write to excel done......
04/13/2018 09:28:17AM Get case result list......
04/13/2018 09:28:17AM Connect with db......
04/13/2018 09:28:17AM Begin to search from DB......
04/13/2018 09:28:17AM Get case result list Done......
04/13/2018 09:28:17AM Begin to generate excel report......
04/13/2018 09:28:18AM Write to excel done......
04/13/2018 10:41:48AM Get case result list......
04/13/2018 10:41:48AM Connect with db......
04/13/2018 10:41:48AM Begin to search from DB......
04/13/2018 10:41:48AM Get case result list Done......
04/13/2018 10:41:48AM Begin to generate excel report......
04/13/2018 10:41:48AM Write to excel done......
04/14/2018 03:17:39AM Get case result list......
04/14/2018 03:17:39AM Connect with db......
04/14/2018 03:17:39AM Begin to search from DB......
04/14/2018 03:17:39AM Get case result list Done......
04/14/2018 03:17:39AM Begin to generate excel report......
04/14/2018 03:17:40AM Write to excel done......
04/14/2018 08:26:16AM Get case result list......
04/14/2018 08:26:16AM Connect with db......
04/14/2018 08:26:16AM Begin to search from DB......
04/14/2018 08:26:16AM Get case result list Done......
04/14/2018 08:26:16AM Begin to generate excel report......
04/14/2018 08:26:16AM Write to excel done......
04/16/2018 11:31:13PM Get case result list......
04/16/2018 11:31:13PM Connect with db......
04/16/2018 11:31:13PM Begin to search from DB......
04/16/2018 11:31:13PM Get case result list Done......
04/16/2018 11:31:13PM Begin to generate excel report......
04/16/2018 11:31:14PM Write to excel done......
04/16/2018 11:44:08PM Get case result list......
04/16/2018 11:44:09PM Connect with db......
04/16/2018 11:44:09PM Begin to search from DB......
04/16/2018 11:44:09PM Get case result list Done......
04/16/2018 11:44:09PM Begin to generate excel report......
04/16/2018 11:44:09PM Write to excel done......
04/16/2018 11:53:43PM Get case result list......
04/16/2018 11:53:44PM Connect with db......
04/16/2018 11:53:44PM Begin to search from DB......
04/16/2018 11:53:44PM Get case result list Done......
04/16/2018 11:53:44PM Begin to generate excel report......
04/16/2018 11:53:44PM Write to excel done......
04/17/2018 12:06:39AM Get case result list......
04/17/2018 12:06:39AM Connect with db......
04/17/2018 12:06:39AM Begin to search from DB......
04/17/2018 12:06:39AM Get case result list Done......
04/17/2018 12:06:39AM Begin to generate excel report......
04/17/2018 12:06:39AM Write to excel done......
04/17/2018 12:35:09AM Get case result list......
04/17/2018 12:35:09AM Connect with db......
04/17/2018 12:35:09AM Begin to search from DB......
04/17/2018 12:35:09AM Get case result list Done......
04/17/2018 12:35:09AM Begin to generate excel report......
04/17/2018 12:35:09AM Write to excel done......
04/17/2018 12:49:49AM Get case result list......
04/17/2018 12:49:49AM Connect with db......
04/17/2018 12:49:49AM Begin to search from DB......
04/17/2018 12:49:49AM Get case result list Done......
04/17/2018 12:49:49AM Begin to generate excel report......
04/17/2018 12:49:49AM Write to excel done......
04/17/2018 12:58:14AM Get case result list......
04/17/2018 12:58:14AM Connect with db......
04/17/2018 12:58:14AM Begin to search from DB......
04/17/2018 12:58:14AM Get case result list Done......
04/17/2018 12:58:14AM Begin to generate excel report......
04/17/2018 12:58:14AM Write to excel done......
04/17/2018 10:12:42AM Get case result list......
04/17/2018 10:12:42AM Connect with db......
04/17/2018 10:12:42AM Begin to search from DB......
04/17/2018 10:12:42AM Get case result list Done......
04/17/2018 10:12:42AM Begin to generate excel report......
04/17/2018 10:12:42AM Write to excel done......
04/25/2018 05:43:43AM Get case result list......
04/25/2018 05:43:43AM Connect with db......
04/25/2018 05:43:43AM Begin to search from DB......
04/25/2018 05:43:43AM Get case result list Done......
04/25/2018 05:43:43AM Begin to generate excel report......
04/25/2018 05:43:43AM Write to excel done......
04/25/2018 05:46:53AM Get case result list......
04/25/2018 05:46:53AM Connect with db......
04/25/2018 05:46:53AM Begin to search from DB......
04/25/2018 05:46:53AM Get case result list Done......
04/25/2018 05:46:53AM Begin to generate excel report......
04/25/2018 05:46:53AM Write to excel done......
04/25/2018 05:49:53AM Get case result list......
04/25/2018 05:49:53AM Connect with db......
04/25/2018 05:49:53AM Begin to search from DB......
04/25/2018 05:49:53AM Get case result list Done......
04/25/2018 05:49:53AM Begin to generate excel report......
04/25/2018 05:49:53AM Write to excel done......
04/27/2018 04:23:39AM Get case result list......
04/27/2018 04:23:39AM Connect with db......
04/27/2018 04:23:39AM Begin to search from DB......
04/27/2018 04:23:39AM Get case result list Done......
04/27/2018 04:23:39AM Begin to generate excel report......
04/27/2018 04:23:40AM Write to excel done......
04/27/2018 04:38:04AM Get case result list......
04/27/2018 04:38:04AM Connect with db......
04/27/2018 04:38:04AM Begin to search from DB......
04/27/2018 04:38:04AM Get case result list Done......
04/27/2018 04:38:04AM Begin to generate excel report......
04/27/2018 04:38:05AM Write to excel done......
04/27/2018 04:53:54AM Get case result list......
04/27/2018 04:53:55AM Connect with db......
04/27/2018 04:53:55AM Begin to search from DB......
04/27/2018 04:53:55AM Get case result list Done......
04/27/2018 04:53:55AM Begin to generate excel report......
04/27/2018 04:53:55AM Write to excel done......
04/27/2018 06:03:11AM Get case result list......
04/27/2018 06:03:11AM Connect with db......
04/27/2018 06:03:11AM Begin to search from DB......
04/27/2018 06:03:11AM Get case result list Done......
04/27/2018 06:03:11AM Begin to generate excel report......
04/27/2018 06:03:11AM Write to excel done......
04/27/2018 06:09:55AM Get case result list......
04/27/2018 06:09:55AM Connect with db......
04/27/2018 06:09:55AM Begin to search from DB......
04/27/2018 06:09:55AM Get case result list Done......
04/27/2018 06:09:55AM Begin to generate excel report......
04/27/2018 06:09:55AM Write to excel done......
04/27/2018 07:21:40AM Get case result list......
04/27/2018 07:21:40AM Connect with db......
04/27/2018 07:21:40AM Begin to search from DB......
04/27/2018 07:21:40AM Get case result list Done......
04/27/2018 07:21:40AM Begin to generate excel report......
04/27/2018 07:21:41AM Write to excel done......
04/27/2018 07:59:45AM Get case result list......
04/27/2018 07:59:45AM Connect with db......
04/27/2018 07:59:45AM Begin to search from DB......
04/27/2018 07:59:46AM Get case result list Done......
04/27/2018 07:59:46AM Begin to generate excel report......
04/27/2018 07:59:46AM Write to excel done......
04/27/2018 08:04:21AM Get case result list......
04/27/2018 08:04:21AM Connect with db......
04/27/2018 08:04:21AM Begin to search from DB......
04/27/2018 08:04:21AM Get case result list Done......
04/27/2018 08:04:21AM Begin to generate excel report......
04/27/2018 08:04:21AM Write to excel done......
04/27/2018 08:12:47AM Get case result list......
04/27/2018 08:12:47AM Connect with db......
04/27/2018 08:12:47AM Begin to search from DB......
04/27/2018 08:12:47AM Get case result list Done......
04/27/2018 08:12:47AM Begin to generate excel report......
04/27/2018 08:12:47AM Write to excel done......
04/27/2018 09:04:36AM Get case result list......
04/27/2018 09:04:36AM Connect with db......
04/27/2018 09:04:36AM Begin to search from DB......
04/27/2018 09:04:36AM Get case result list Done......
04/27/2018 09:04:36AM Begin to generate excel report......
04/27/2018 09:04:36AM Write to excel done......
04/27/2018 09:11:46AM Get case result list......
04/27/2018 09:11:46AM Connect with db......
04/27/2018 09:11:46AM Begin to search from DB......
04/27/2018 09:11:46AM Get case result list Done......
04/27/2018 09:11:46AM Begin to generate excel report......
04/27/2018 09:11:46AM Write to excel done......
04/27/2018 09:14:56AM Get case result list......
04/27/2018 09:14:56AM Connect with db......
04/27/2018 09:14:56AM Begin to search from DB......
04/27/2018 09:14:56AM Get case result list Done......
04/27/2018 09:14:56AM Begin to generate excel report......
04/27/2018 09:14:56AM Write to excel done......
04/27/2018 10:09:21AM Get case result list......
04/27/2018 10:09:21AM Connect with db......
04/27/2018 10:09:21AM Begin to search from DB......
04/27/2018 10:09:21AM Get case result list Done......
04/27/2018 10:09:21AM Begin to generate excel report......
04/27/2018 10:09:21AM Write to excel done......
04/27/2018 10:36:48AM Get case result list......
04/27/2018 10:36:48AM Connect with db......
04/27/2018 10:36:48AM Begin to search from DB......
04/27/2018 10:36:48AM Get case result list Done......
04/27/2018 10:36:48AM Begin to generate excel report......
04/27/2018 10:36:48AM Write to excel done......
04/27/2018 10:41:07AM Get case result list......
04/27/2018 10:41:07AM Connect with db......
04/27/2018 10:41:07AM Begin to search from DB......
04/27/2018 10:41:07AM Get case result list Done......
04/27/2018 10:41:07AM Begin to generate excel report......
04/27/2018 10:41:07AM Write to excel done......
04/27/2018 10:44:24AM Get case result list......
04/27/2018 10:44:24AM Connect with db......
04/27/2018 10:44:24AM Begin to search from DB......
04/27/2018 10:44:24AM Get case result list Done......
04/27/2018 10:44:24AM Begin to generate excel report......
04/27/2018 10:44:24AM Write to excel done......
04/27/2018 02:52:48PM Get case result list......
04/27/2018 02:52:48PM Connect with db......
04/27/2018 02:52:48PM Begin to search from DB......
04/27/2018 02:52:48PM Get case result list Done......
04/27/2018 02:52:48PM Begin to generate excel report......
04/27/2018 02:52:48PM Write to excel done......
04/27/2018 03:42:43PM Get case result list......
04/27/2018 03:42:43PM Connect with db......
04/27/2018 03:42:43PM Begin to search from DB......
04/27/2018 03:42:43PM Get case result list Done......
04/27/2018 03:42:43PM Begin to generate excel report......
04/27/2018 03:42:43PM Write to excel done......
04/27/2018 07:22:59PM Get case result list......
04/27/2018 07:22:59PM Connect with db......
04/27/2018 07:22:59PM Begin to search from DB......
04/27/2018 07:22:59PM Get case result list Done......
04/27/2018 07:22:59PM Begin to generate excel report......
04/27/2018 07:23:00PM Write to excel done......
04/27/2018 09:54:35PM Get case result list......
04/27/2018 09:54:35PM Connect with db......
04/27/2018 09:54:35PM Begin to search from DB......
04/27/2018 09:54:35PM Get case result list Done......
04/27/2018 09:54:35PM Begin to generate excel report......
04/27/2018 09:54:36PM Write to excel done......
04/27/2018 11:24:41PM Get case result list......
04/27/2018 11:24:41PM Connect with db......
04/27/2018 11:24:41PM Begin to search from DB......
04/27/2018 11:24:41PM Get case result list Done......
04/27/2018 11:24:41PM Begin to generate excel report......
04/27/2018 11:24:41PM Write to excel done......
04/27/2018 11:30:31PM Get case result list......
04/27/2018 11:30:31PM Connect with db......
04/27/2018 11:30:31PM Begin to search from DB......
04/27/2018 11:30:31PM Get case result list Done......
04/27/2018 11:30:31PM Begin to generate excel report......
04/27/2018 11:30:31PM Write to excel done......
04/27/2018 11:36:47PM Get case result list......
04/27/2018 11:36:47PM Connect with db......
04/27/2018 11:36:47PM Begin to search from DB......
04/27/2018 11:36:47PM Get case result list Done......
04/27/2018 11:36:47PM Begin to generate excel report......
04/27/2018 11:36:48PM Write to excel done......
04/28/2018 01:45:26AM Get case result list......
04/28/2018 01:45:27AM Connect with db......
04/28/2018 01:45:27AM Begin to search from DB......
04/28/2018 01:45:27AM Get case result list Done......
04/28/2018 01:45:27AM Begin to generate excel report......
04/28/2018 01:45:27AM Write to excel done......
04/28/2018 01:58:52AM Get case result list......
04/28/2018 01:58:52AM Connect with db......
04/28/2018 01:58:52AM Begin to search from DB......
04/28/2018 01:58:52AM Get case result list Done......
04/28/2018 01:58:52AM Begin to generate excel report......
04/28/2018 01:58:52AM Write to excel done......
04/28/2018 03:00:57AM Get case result list......
04/28/2018 03:00:57AM Connect with db......
04/28/2018 03:00:57AM Begin to search from DB......
04/28/2018 03:00:57AM Get case result list Done......
04/28/2018 03:00:57AM Begin to generate excel report......
04/28/2018 03:00:58AM Write to excel done......
04/28/2018 04:26:32AM Get case result list......
04/28/2018 04:26:33AM Connect with db......
04/28/2018 04:26:33AM Begin to search from DB......
04/28/2018 04:26:33AM Get case result list Done......
04/28/2018 04:26:33AM Begin to generate excel report......
04/28/2018 04:26:33AM Write to excel done......
05/01/2018 12:27:47AM Get case result list......
05/01/2018 12:27:47AM Connect with db......
05/01/2018 12:27:47AM Begin to search from DB......
05/01/2018 12:27:47AM Get case result list Done......
05/01/2018 12:27:47AM Begin to generate excel report......
05/01/2018 12:27:48AM Write to excel done......
05/01/2018 01:29:47AM Get case result list......
05/01/2018 01:29:47AM Connect with db......
05/01/2018 01:29:47AM Begin to search from DB......
05/01/2018 01:29:47AM Get case result list Done......
05/01/2018 01:29:47AM Begin to generate excel report......
05/01/2018 01:29:47AM Write to excel done......
05/01/2018 01:46:07AM Get case result list......
05/01/2018 01:46:07AM Connect with db......
05/01/2018 01:46:07AM Begin to search from DB......
05/01/2018 01:46:07AM Get case result list Done......
05/01/2018 01:46:07AM Begin to generate excel report......
05/01/2018 01:46:08AM Write to excel done......
05/01/2018 03:21:58AM Get case result list......
05/01/2018 03:21:58AM Connect with db......
05/01/2018 03:21:58AM Begin to search from DB......
05/01/2018 03:21:58AM Get case result list Done......
05/01/2018 03:21:58AM Begin to generate excel report......
05/01/2018 03:21:58AM Write to excel done......
05/01/2018 03:38:13AM Get case result list......
05/01/2018 03:38:13AM Connect with db......
05/01/2018 03:38:13AM Begin to search from DB......
05/01/2018 03:38:13AM Get case result list Done......
05/01/2018 03:38:13AM Begin to generate excel report......
05/01/2018 03:38:13AM Write to excel done......
05/01/2018 03:42:45AM Get case result list......
05/01/2018 03:42:45AM Connect with db......
05/01/2018 03:42:45AM Begin to search from DB......
05/01/2018 03:42:45AM Get case result list Done......
05/01/2018 03:42:45AM Begin to generate excel report......
05/01/2018 03:42:45AM Write to excel done......
05/01/2018 04:44:54AM Get case result list......
05/01/2018 04:44:54AM Connect with db......
05/01/2018 04:44:54AM Begin to search from DB......
05/01/2018 04:44:54AM Get case result list Done......
05/01/2018 04:44:54AM Begin to generate excel report......
05/01/2018 04:44:54AM Write to excel done......
05/01/2018 05:33:49AM Get case result list......
05/01/2018 05:33:49AM Connect with db......
05/01/2018 05:33:49AM Begin to search from DB......
05/01/2018 05:33:49AM Get case result list Done......
05/01/2018 05:33:49AM Begin to generate excel report......
05/01/2018 05:33:49AM Write to excel done......
05/01/2018 05:36:49AM Get case result list......
05/01/2018 05:36:49AM Connect with db......
05/01/2018 05:36:49AM Begin to search from DB......
05/01/2018 05:36:49AM Get case result list Done......
05/01/2018 05:36:49AM Begin to generate excel report......
05/01/2018 05:36:49AM Write to excel done......
05/01/2018 05:44:49AM Get case result list......
05/01/2018 05:44:49AM Connect with db......
05/01/2018 05:44:49AM Begin to search from DB......
05/01/2018 05:44:49AM Get case result list Done......
05/01/2018 05:44:49AM Begin to generate excel report......
05/01/2018 05:44:50AM Write to excel done......
05/01/2018 06:41:25AM Get case result list......
05/01/2018 06:41:25AM Connect with db......
05/01/2018 06:41:25AM Begin to search from DB......
05/01/2018 06:41:25AM Get case result list Done......
05/01/2018 06:41:25AM Begin to generate excel report......
05/01/2018 06:41:25AM Write to excel done......
05/01/2018 07:07:20AM Get case result list......
05/01/2018 07:07:20AM Connect with db......
05/01/2018 07:07:20AM Begin to search from DB......
05/01/2018 07:07:20AM Get case result list Done......
05/01/2018 07:07:20AM Begin to generate excel report......
05/01/2018 07:07:20AM Write to excel done......
05/01/2018 11:12:42AM Get case result list......
05/01/2018 11:12:42AM Connect with db......
05/01/2018 11:12:42AM Begin to search from DB......
05/01/2018 11:12:42AM Get case result list Done......
05/01/2018 11:12:42AM Begin to generate excel report......
05/01/2018 11:12:42AM Write to excel done......
05/02/2018 12:09:42AM Get case result list......
05/02/2018 12:09:42AM Connect with db......
05/02/2018 12:09:42AM Begin to search from DB......
05/02/2018 12:09:42AM Get case result list Done......
05/02/2018 12:09:42AM Begin to generate excel report......
05/02/2018 12:09:43AM Write to excel done......
05/09/2018 12:24:13AM Get case result list......
05/09/2018 12:24:13AM Connect with db......
05/09/2018 12:24:13AM Begin to search from DB......
05/09/2018 12:24:13AM Get case result list Done......
05/09/2018 12:24:13AM Begin to generate excel report......
05/09/2018 12:24:13AM Write to excel done......
05/12/2018 03:32:40AM Get case result list......
05/12/2018 03:32:40AM Connect with db......
05/12/2018 03:32:40AM Begin to search from DB......
05/12/2018 03:32:40AM Get case result list Done......
05/12/2018 03:32:40AM Begin to generate excel report......
05/12/2018 03:32:41AM Write to excel done......
05/12/2018 03:49:06AM Get case result list......
05/12/2018 03:49:06AM Connect with db......
05/12/2018 03:49:06AM Begin to search from DB......
05/12/2018 03:49:06AM Get case result list Done......
05/12/2018 03:49:06AM Begin to generate excel report......
05/12/2018 03:49:06AM Write to excel done......
05/12/2018 03:55:26AM Get case result list......
05/12/2018 03:55:26AM Connect with db......
05/12/2018 03:55:26AM Begin to search from DB......
05/12/2018 03:55:26AM Get case result list Done......
05/12/2018 03:55:26AM Begin to generate excel report......
05/12/2018 03:55:26AM Write to excel done......
05/12/2018 04:18:32AM Get case result list......
05/12/2018 04:18:32AM Connect with db......
05/12/2018 04:18:32AM Begin to search from DB......
05/12/2018 04:18:32AM Get case result list Done......
05/12/2018 04:18:32AM Begin to generate excel report......
05/12/2018 04:18:32AM Write to excel done......
05/12/2018 04:24:41AM Get case result list......
05/12/2018 04:24:41AM Connect with db......
05/12/2018 04:24:41AM Begin to search from DB......
05/12/2018 04:24:41AM Get case result list Done......
05/12/2018 04:24:41AM Begin to generate excel report......
05/12/2018 04:24:41AM Write to excel done......
05/12/2018 04:27:41AM Get case result list......
05/12/2018 04:27:41AM Connect with db......
05/12/2018 04:27:41AM Begin to search from DB......
05/12/2018 04:27:41AM Get case result list Done......
05/12/2018 04:27:41AM Begin to generate excel report......
05/12/2018 04:27:41AM Write to excel done......
05/12/2018 04:45:41AM Get case result list......
05/12/2018 04:45:41AM Connect with db......
05/12/2018 04:45:41AM Begin to search from DB......
05/12/2018 04:45:41AM Get case result list Done......
05/12/2018 04:45:41AM Begin to generate excel report......
05/12/2018 04:45:41AM Write to excel done......
05/12/2018 04:52:31AM Get case result list......
05/12/2018 04:52:31AM Connect with db......
05/12/2018 04:52:31AM Begin to search from DB......
05/12/2018 04:52:31AM Get case result list Done......
05/12/2018 04:52:31AM Begin to generate excel report......
05/12/2018 04:52:32AM Write to excel done......
05/12/2018 04:56:53AM Get case result list......
05/12/2018 04:56:53AM Connect with db......
05/12/2018 04:56:53AM Begin to search from DB......
05/12/2018 04:56:53AM Get case result list Done......
05/12/2018 04:56:53AM Begin to generate excel report......
05/12/2018 04:56:54AM Write to excel done......
05/12/2018 05:00:26AM Get case result list......
05/12/2018 05:00:26AM Connect with db......
05/12/2018 05:00:26AM Begin to search from DB......
05/12/2018 05:00:27AM Get case result list Done......
05/12/2018 05:00:27AM Begin to generate excel report......
05/12/2018 05:00:27AM Write to excel done......
05/12/2018 05:04:41AM Get case result list......
05/12/2018 05:04:42AM Connect with db......
05/12/2018 05:04:42AM Begin to search from DB......
05/12/2018 05:04:42AM Get case result list Done......
05/12/2018 05:04:42AM Begin to generate excel report......
05/12/2018 05:04:42AM Write to excel done......
05/12/2018 05:07:42AM Get case result list......
05/12/2018 05:07:42AM Connect with db......
05/12/2018 05:07:42AM Begin to search from DB......
05/12/2018 05:07:42AM Get case result list Done......
05/12/2018 05:07:42AM Begin to generate excel report......
05/12/2018 05:07:42AM Write to excel done......
05/12/2018 05:13:57AM Get case result list......
05/12/2018 05:13:57AM Connect with db......
05/12/2018 05:13:57AM Begin to search from DB......
05/12/2018 05:13:57AM Get case result list Done......
05/12/2018 05:13:57AM Begin to generate excel report......
05/12/2018 05:13:57AM Write to excel done......
05/12/2018 05:21:52AM Get case result list......
05/12/2018 05:21:52AM Connect with db......
05/12/2018 05:21:52AM Begin to search from DB......
05/12/2018 05:21:52AM Get case result list Done......
05/12/2018 05:21:52AM Begin to generate excel report......
05/12/2018 05:21:52AM Write to excel done......
05/12/2018 05:59:12AM Get case result list......
05/12/2018 05:59:12AM Connect with db......
05/12/2018 05:59:12AM Begin to search from DB......
05/12/2018 05:59:12AM Get case result list Done......
05/12/2018 05:59:12AM Begin to generate excel report......
05/12/2018 05:59:12AM Write to excel done......
05/12/2018 06:02:12AM Get case result list......
05/12/2018 06:02:12AM Connect with db......
05/12/2018 06:02:12AM Begin to search from DB......
05/12/2018 06:02:12AM Get case result list Done......
05/12/2018 06:02:12AM Begin to generate excel report......
05/12/2018 06:02:12AM Write to excel done......
05/12/2018 06:05:12AM Get case result list......
05/12/2018 06:05:12AM Connect with db......
05/12/2018 06:05:12AM Begin to search from DB......
05/12/2018 06:05:12AM Get case result list Done......
05/12/2018 06:05:12AM Begin to generate excel report......
05/12/2018 06:05:12AM Write to excel done......
05/12/2018 06:53:52AM Get case result list......
05/12/2018 06:53:52AM Connect with db......
05/12/2018 06:53:52AM Begin to search from DB......
05/12/2018 06:53:52AM Get case result list Done......
05/12/2018 06:53:52AM Begin to generate excel report......
05/12/2018 06:53:53AM Write to excel done......
05/12/2018 07:09:28AM Get case result list......
05/12/2018 07:09:28AM Connect with db......
05/12/2018 07:09:28AM Begin to search from DB......
05/12/2018 07:09:28AM Get case result list Done......
05/12/2018 07:09:28AM Begin to generate excel report......
05/12/2018 07:09:28AM Write to excel done......
05/12/2018 07:17:22AM Get case result list......
05/12/2018 07:17:23AM Connect with db......
05/12/2018 07:17:23AM Begin to search from DB......
05/12/2018 07:17:23AM Get case result list Done......
05/12/2018 07:17:23AM Begin to generate excel report......
05/12/2018 07:17:23AM Write to excel done......
05/12/2018 07:26:43AM Get case result list......
05/12/2018 07:26:43AM Connect with db......
05/12/2018 07:26:43AM Begin to search from DB......
05/12/2018 07:26:43AM Get case result list Done......
05/12/2018 07:26:43AM Begin to generate excel report......
05/12/2018 07:26:43AM Write to excel done......
05/12/2018 07:27:13AM Get case result list......
05/12/2018 07:27:13AM Connect with db......
05/12/2018 07:27:13AM Begin to search from DB......
05/12/2018 07:27:13AM Get case result list Done......
05/12/2018 07:27:13AM Begin to generate excel report......
05/12/2018 07:27:13AM Write to excel done......
05/12/2018 07:58:19AM Get case result list......
05/12/2018 07:58:19AM Connect with db......
05/12/2018 07:58:19AM Begin to search from DB......
05/12/2018 07:58:19AM Get case result list Done......
05/12/2018 07:58:19AM Begin to generate excel report......
05/12/2018 07:58:19AM Write to excel done......
05/12/2018 08:36:03AM Get case result list......
05/12/2018 08:36:03AM Connect with db......
05/12/2018 08:36:03AM Begin to search from DB......
05/12/2018 08:36:03AM Get case result list Done......
05/12/2018 08:36:03AM Begin to generate excel report......
05/12/2018 08:36:03AM Write to excel done......
05/12/2018 09:22:04AM Get case result list......
05/12/2018 09:22:04AM Connect with db......
05/12/2018 09:22:04AM Begin to search from DB......
05/12/2018 09:22:04AM Get case result list Done......
05/12/2018 09:22:04AM Begin to generate excel report......
05/12/2018 09:22:04AM Write to excel done......
05/12/2018 09:40:54AM Get case result list......
05/12/2018 09:40:54AM Connect with db......
05/12/2018 09:40:54AM Begin to search from DB......
05/12/2018 09:40:54AM Get case result list Done......
05/12/2018 09:40:54AM Begin to generate excel report......
05/12/2018 09:40:54AM Write to excel done......
05/12/2018 09:57:09AM Get case result list......
05/12/2018 09:57:09AM Connect with db......
05/12/2018 09:57:09AM Begin to search from DB......
05/12/2018 09:57:09AM Get case result list Done......
05/12/2018 09:57:09AM Begin to generate excel report......
05/12/2018 09:57:09AM Write to excel done......
05/12/2018 10:06:24AM Get case result list......
05/12/2018 10:06:24AM Connect with db......
05/12/2018 10:06:24AM Begin to search from DB......
05/12/2018 10:06:24AM Get case result list Done......
05/12/2018 10:06:24AM Begin to generate excel report......
05/12/2018 10:06:24AM Write to excel done......
05/12/2018 11:16:05AM Get case result list......
05/12/2018 11:16:05AM Connect with db......
05/12/2018 11:16:05AM Begin to search from DB......
05/12/2018 11:16:05AM Get case result list Done......
05/12/2018 11:16:05AM Begin to generate excel report......
05/12/2018 11:16:05AM Write to excel done......
05/12/2018 11:17:25AM Get case result list......
05/12/2018 11:17:25AM Connect with db......
05/12/2018 11:17:25AM Begin to search from DB......
05/12/2018 11:17:25AM Get case result list Done......
05/12/2018 11:17:25AM Begin to generate excel report......
05/12/2018 11:17:26AM Write to excel done......
05/12/2018 12:07:25PM Get case result list......
05/12/2018 12:07:25PM Connect with db......
05/12/2018 12:07:25PM Begin to search from DB......
05/12/2018 12:07:25PM Get case result list Done......
05/12/2018 12:07:25PM Begin to generate excel report......
05/12/2018 12:07:25PM Write to excel done......
05/12/2018 01:02:35PM Get case result list......
05/12/2018 01:02:35PM Connect with db......
05/12/2018 01:02:35PM Begin to search from DB......
05/12/2018 01:02:35PM Get case result list Done......
05/12/2018 01:02:35PM Begin to generate excel report......
05/12/2018 01:02:35PM Write to excel done......
05/12/2018 01:05:35PM Get case result list......
05/12/2018 01:05:35PM Connect with db......
05/12/2018 01:05:35PM Begin to search from DB......
05/12/2018 01:05:35PM Get case result list Done......
05/12/2018 01:05:35PM Begin to generate excel report......
05/12/2018 01:05:35PM Write to excel done......
05/12/2018 01:08:40PM Get case result list......
05/12/2018 01:08:40PM Connect with db......
05/12/2018 01:08:40PM Begin to search from DB......
05/12/2018 01:08:40PM Get case result list Done......
05/12/2018 01:08:40PM Begin to generate excel report......
05/12/2018 01:08:41PM Write to excel done......
05/12/2018 01:13:30PM Get case result list......
05/12/2018 01:13:30PM Connect with db......
05/12/2018 01:13:30PM Begin to search from DB......
05/12/2018 01:13:30PM Get case result list Done......
05/12/2018 01:13:30PM Begin to generate excel report......
05/12/2018 01:13:31PM Write to excel done......
05/12/2018 03:42:21PM Get case result list......
05/12/2018 03:42:22PM Connect with db......
05/12/2018 03:42:22PM Begin to search from DB......
05/12/2018 03:42:22PM Get case result list Done......
05/12/2018 03:42:22PM Begin to generate excel report......
05/12/2018 03:42:22PM Write to excel done......
05/12/2018 04:57:12PM Get case result list......
05/12/2018 04:57:12PM Connect with db......
05/12/2018 04:57:12PM Begin to search from DB......
05/12/2018 04:57:12PM Get case result list Done......
05/12/2018 04:57:12PM Begin to generate excel report......
05/12/2018 04:57:12PM Write to excel done......
05/12/2018 05:23:27PM Get case result list......
05/12/2018 05:23:27PM Connect with db......
05/12/2018 05:23:27PM Begin to search from DB......
05/12/2018 05:23:27PM Get case result list Done......
05/12/2018 05:23:27PM Begin to generate excel report......
05/12/2018 05:23:28PM Write to excel done......
05/12/2018 05:26:27PM Get case result list......
05/12/2018 05:26:27PM Connect with db......
05/12/2018 05:26:27PM Begin to search from DB......
05/12/2018 05:26:27PM Get case result list Done......
05/12/2018 05:26:27PM Begin to generate excel report......
05/12/2018 05:26:28PM Write to excel done......
05/12/2018 06:14:42PM Get case result list......
05/12/2018 06:14:43PM Connect with db......
05/12/2018 06:14:43PM Begin to search from DB......
05/12/2018 06:14:43PM Get case result list Done......
05/12/2018 06:14:43PM Begin to generate excel report......
05/12/2018 06:14:43PM Write to excel done......
05/13/2018 03:25:06AM Get case result list......
05/13/2018 03:25:07AM Connect with db......
05/13/2018 03:25:07AM Begin to search from DB......
05/13/2018 03:25:07AM Get case result list Done......
05/13/2018 03:25:07AM Begin to generate excel report......
05/13/2018 03:25:07AM Write to excel done......
